04/10/11@01:36:AM: Error instanciating com.System.System object in onApplicationStart
04/17/11@02:05:PM: Error instanciating com.System.System object in onApplicationStart
04/17/11@02:05:PM: Error executing loadFrameworkObjects(Application) in onApplicationStart
04/17/11@02:05:PM: Error executing Application.System.fillCache() in onApplicationStart
04/17/11@02:15:PM: Error executing loadFrameworkObjects(Session) in onApplicationStart
04/17/11@10:06:PM: Error executing Application.System.fillCache() in onApplicationStart
04/23/11@11:33:PM: Error executing loadFrameworkObjects(Session) in onApplicationStart
04/23/11@11:33:PM: Error executing loadFrameworkObjects(Session) in onApplicationStart
05/21/11@02:15:PM: Error executing loadFrameworkObjects(Session) in onApplicationStart
05/21/11@02:16:PM: Error executing loadFrameworkObjects(Session) in onApplicationStart
05/21/11@02:16:PM: Error executing loadFrameworkObjects(Session) in onApplicationStart
06/02/11@10:28:PM: Error executing loadFrameworkObjects(Session) in onApplicationStart
06/17/11@11:21:AM: Error executing loadFrameworkObjects(Session) in onApplicationStart
06/27/11@09:46:PM: Error instanciating com.System.System object in onApplicationStart
06/27/11@09:46:PM: Error executing loadFrameworkObjects(Application) in onApplicationStart
06/27/11@09:46:PM: Error executing Application.System.fillCache() in onApplicationStart
06/27/11@09:51:PM: Error instanciating com.System.System object in onApplicationStart
06/27/11@09:51:PM: Error executing loadFrameworkObjects(Application) in onApplicationStart
06/27/11@09:51:PM: Error executing Application.System.fillCache() in onApplicationStart
06/27/11@09:55:PM: Error instanciating com.System.System object in onApplicationStart
06/27/11@09:55:PM: Error executing loadFrameworkObjects(Application) in onApplicationStart
06/27/11@09:55:PM: Error executing Application.System.fillCache() in onApplicationStart
06/27/11@10:04:PM: Error instanciating com.System.System object in onApplicationStart
06/27/11@10:07:PM: Error instanciating com.System.System object in onApplicationStart
07/20/11@10:22:PM: Error executing loadFrameworkObjects(Session) in onApplicationStart
07/26/11@02:26:PM: Error executing loadFrameworkObjects(Session) in onApplicationStart
07/26/11@02:26:PM: Error executing loadFrameworkObjects(Session) in onApplicationStart
07/26/11@02:26:PM: Error executing loadFrameworkObjects(Session) in onApplicationStart
07/26/11@02:27:PM: Error executing loadFrameworkObjects(Session) in onApplicationStart
07/26/11@02:28:PM: Error executing loadFrameworkObjects(Session) in onApplicationStart
07/26/11@02:30:PM: Error executing loadFrameworkObjects(Session) in onApplicationStart
07/26/11@02:31:PM: Error executing loadFrameworkObjects(Session) in onApplicationStart
07/26/11@02:31:PM: Error executing loadFrameworkObjects(Session) in onApplicationStart
07/26/11@02:31:PM: Error executing loadFrameworkObjects(Session) in onApplicationStart
07/26/11@02:32:PM: Error executing loadFrameworkObjects(Session) in onApplicationStart
07/26/11@02:32:PM: Error executing loadFrameworkObjects(Session) in onApplicationStart
08/06/11@02:12:PM: Error executing loadFrameworkObjects(Session) in onApplicationStart
08/06/11@02:12:PM: Error executing loadFrameworkObjects(Session) in onApplicationStart
08/12/11@04:56:AM: Error executing loadFrameworkObjects(Session) in onApplicationStart
08/12/11@04:56:AM: Error executing loadFrameworkObjects(Session) in onApplicationStart
08/22/11@11:14:PM: Error executing loadFrameworkObjects(Session) in onApplicationStart
08/22/11@11:14:PM: Error executing loadFrameworkObjects(Session) in onApplicationStart
08/22/11@11:14:PM: Error executing loadFrameworkObjects(Session) in onApplicationStart
09/03/11@03:59:PM: Error executing loadFrameworkObjects(Session) in onApplicationStart
09/03/11@04:10:PM: Error executing loadFrameworkObjects(Session) in onApplicationStart
09/03/11@04:12:PM: Error executing loadFrameworkObjects(Session) in onApplicationStart
09/03/11@04:12:PM: Error executing loadFrameworkObjects(Session) in onApplicationStart
09/03/11@04:13:PM: Error executing loadFrameworkObjects(Session) in onApplicationStart
09/03/11@04:13:PM: Error executing loadFrameworkObjects(Session) in onApplicationStart
09/03/11@04:15:PM: Error executing loadFrameworkObjects(Session) in onApplicationStart
09/03/11@04:15:PM: Error executing loadFrameworkObjects(Session) in onApplicationStart
09/03/11@04:15:PM: Error executing loadFrameworkObjects(Session) in onApplicationStart
09/03/11@04:36:PM: Error executing loadFrameworkObjects(Session) in onApplicationStart
09/03/11@04:37:PM: Error executing loadFrameworkObjects(Session) in onApplicationStart
09/03/11@04:38:PM: Error executing loadFrameworkObjects(Session) in onApplicationStart
09/03/11@07:00:PM: Error executing loadFrameworkObjects(Application) in onApplicationStart
09/03/11@07:02:PM: Error executing loadFrameworkObjects(Application) in onApplicationStart
09/03/11@07:02:PM: Error executing loadFrameworkObjects(Application) in onApplicationStart
09/03/11@07:04:PM: Error executing loadFrameworkObjects(Application) in onApplicationStart
09/03/11@07:04:PM: Error executing loadFrameworkObjects(Application) in onApplicationStart
09/03/11@07:05:PM: Error executing loadFrameworkObjects(Application) in onApplicationStart
09/03/11@07:05:PM: Error executing loadFrameworkObjects(Application) in onApplicationStart
09/03/11@07:07:PM: Error executing loadFrameworkObjects(Application) in onApplicationStart
09/03/11@07:08:PM: Error executing loadFrameworkObjects(Application) in onApplicationStart
09/03/11@07:10:PM: Error executing loadFrameworkObjects(Application) in onApplicationStart
09/03/11@07:10:PM: Error executing loadFrameworkObjects(Application) in onApplicationStart
09/03/11@07:12:PM: Error executing loadFrameworkObjects(Application) in onApplicationStart
09/03/11@07:39:PM: Error executing loadFrameworkObjects(Session) in onApplicationStart
09/03/11@07:40:PM: Error executing loadFrameworkObjects(Session) in onApplicationStart
09/03/11@07:41:PM: Error executing loadFrameworkObjects(Session) in onApplicationStart
09/03/11@07:41:PM: Error executing loadFrameworkObjects(Session) in onApplicationStart
09/11/11@07:09:PM: Error executing loadFrameworkObjects(Session) in onApplicationStart
09/11/11@07:10:PM: Error executing loadFrameworkObjects(Session) in onApplicationStart
09/11/11@07:12:PM: Error executing loadFrameworkObjects(Session) in onApplicationStart
09/11/11@07:13:PM: Error executing loadFrameworkObjects(Session) in onApplicationStart
09/11/11@07:17:PM: Error executing loadFrameworkObjects(Session) in onApplicationStart
09/11/11@07:24:PM: Error executing loadFrameworkObjects(Session) in onApplicationStart
09/11/11@07:25:PM: Error executing loadFrameworkObjects(Session) in onApplicationStart
09/11/11@07:26:PM: Error executing loadFrameworkObjects(Application) in onApplicationStart
09/11/11@07:26:PM: Error executing loadFrameworkObjects(Session) in onApplicationStart
09/11/11@07:26:PM: Error executing loadFrameworkObjects(Session) in onApplicationStart
09/11/11@07:30:PM: Error executing loadFrameworkObjects(Session) in onApplicationStart
09/11/11@07:38:PM: Error executing loadFrameworkObjects(Application) in onApplicationStart
09/11/11@07:38:PM: Error executing loadFrameworkObjects(Session) in onApplicationStart
09/11/11@07:39:PM: Error executing loadFrameworkObjects(Application) in onApplicationStart
09/11/11@07:39:PM: Error executing loadFrameworkObjects(Session) in onApplicationStart
09/11/11@07:39:PM: Error executing loadFrameworkObjects(Application) in onApplicationStart
09/11/11@07:39:PM: Error executing loadFrameworkObjects(Session) in onApplicationStart
09/11/11@07:39:PM: Error executing loadFrameworkObjects(Application) in onApplicationStart
09/11/11@07:39:PM: Error executing loadFrameworkObjects(Session) in onApplicationStart
09/11/11@07:40:PM: Error executing loadFrameworkObjects(Application) in onApplicationStart
09/11/11@07:40:PM: Error executing loadFrameworkObjects(Session) in onApplicationStart
09/11/11@07:52:PM: Error executing loadFrameworkObjects(Application) in onApplicationStart
09/11/11@07:53:PM: Error executing loadFrameworkObjects(Application) in onApplicationStart
09/11/11@07:54:PM: Error executing loadFrameworkObjects(Application) in onApplicationStart
09/11/11@08:03:PM: Error executing loadFrameworkObjects(Application) in onApplicationStart
09/11/11@08:05:PM: Error executing loadFrameworkObjects(Application) in onApplicationStart
09/15/11@12:39:PM: Error executing loadFrameworkObjects(Application) in onApplicationStart
09/17/11@08:45:PM: Error executing loadFrameworkObjects(Session) in onApplicationStart
09/17/11@08:58:PM: Error executing loadFrameworkObjects(Session) in onApplicationStart
09/17/11@08:58:PM: Error executing loadFrameworkObjects(Session) in onApplicationStart
09/17/11@08:58:PM: Error executing loadFrameworkObjects(Session) in onApplicationStart
09/17/11@09:27:PM: Error executing loadFrameworkObjects(Session) in onApplicationStart
09/17/11@09:33:PM: Error executing loadFrameworkObjects(Session) in onApplicationStart
09/17/11@09:33:PM: Error executing loadFrameworkObjects(Session) in onApplicationStart
09/17/11@09:33:PM: Error executing loadFrameworkObjects(Session) in onApplicationStart
09/17/11@09:33:PM: Error executing loadFrameworkObjects(Session) in onApplicationStart
09/17/11@09:35:PM: Error executing loadFrameworkObjects(Session) in onApplicationStart
09/17/11@09:35:PM: Error executing loadFrameworkObjects(Session) in onApplicationStart
09/17/11@09:35:PM: Error executing loadFrameworkObjects(Session) in onApplicationStart
09/17/11@09:47:PM: Error executing loadFrameworkObjects(Session) in onApplicationStart
10/15/11@09:47:AM: Error executing loadFrameworkObjects(Session) in onApplicationStart
10/15/11@09:47:AM: Error executing loadFrameworkObjects(Session) in onApplicationStart
10/16/11@11:44:PM: Error executing loadFrameworkObjects(Session) in onApplicationStart
10/23/11@02:57:AM: Error executing loadFrameworkObjects(Session) in onApplicationStart
11/02/11@10:23:PM: Error executing loadFrameworkObjects(Application) in onApplicationStart
11/02/11@10:23:PM: Error executing loadFrameworkObjects(Session) in onApplicationStart
11/12/11@04:08:PM: Error executing loadFrameworkObjects(Application) in onApplicationStart
11/12/11@04:08:PM: Error executing loadFrameworkObjects(Session) in onApplicationStart
